{"level":"info","message":"hello"}
{"level":"error","message":"GET /abcd 라우터가 없습니다"}
{"level":"info","message":"hello"}
{"level":"error","message":"GET /favicon.ico 라우터가 없습니다"}
{"level":"info","message":"hello"}
{"level":"error","message":"GET /img/%EC%BA%A1%EC%B2%981642399230917.PNG 라우터가 없습니다"}
{"level":"info","message":"hello"}
{"level":"error","message":"GET /img/%EB%B0%B1%EC%8B%A0%EC%A0%91%EC%A2%85%EC%A6%9D%EB%AA%851641183495156.PNG 라우터가 없습니다"}
{"level":"info","message":"hello"}
{"level":"error","message":"GET /img/1540%EC%95%85%EC%84%B81640930210602.PNG 라우터가 없습니다"}
{"level":"info","message":"hello"}
{"level":"error","message":"GET /favicon.ico 라우터가 없습니다"}
{"level":"info","message":"hello"}
{"level":"error","message":"GET /img/%EC%BA%A1%EC%B2%981642399230917.PNG 라우터가 없습니다"}
{"level":"info","message":"hello"}
{"level":"error","message":"GET /img/%EB%B0%B1%EC%8B%A0%EC%A0%91%EC%A2%85%EC%A6%9D%EB%AA%851641183495156.PNG 라우터가 없습니다"}
{"level":"info","message":"hello"}
{"level":"error","message":"GET /img/1540%EC%95%85%EC%84%B81640930210602.PNG 라우터가 없습니다"}
{"level":"info","message":"hello"}
{"level":"error","message":"GET /img/%EC%BA%A1%EC%B2%981642399230917.PNG 라우터가 없습니다"}
{"level":"info","message":"hello"}
{"level":"error","message":"GET /img/%EB%B0%B1%EC%8B%A0%EC%A0%91%EC%A2%85%EC%A6%9D%EB%AA%851641183495156.PNG 라우터가 없습니다"}
{"level":"info","message":"hello"}
{"level":"error","message":"GET /img/1540%EC%95%85%EC%84%B81640930210602.PNG 라우터가 없습니다"}
{"level":"info","message":"hello"}
{"level":"error","message":"GET /img/%EC%BA%A1%EC%B2%981642399230917.PNG 라우터가 없습니다"}
{"level":"info","message":"hello"}
{"level":"error","message":"GET /img/%EB%B0%B1%EC%8B%A0%EC%A0%91%EC%A2%85%EC%A6%9D%EB%AA%851641183495156.PNG 라우터가 없습니다"}
{"level":"info","message":"hello"}
{"level":"error","message":"GET /img/1540%EC%95%85%EC%84%B81640930210602.PNG 라우터가 없습니다"}
{"level":"info","message":"hello"}
{"level":"error","message":"GET /img/%EC%BA%A1%EC%B2%981642399230917.PNG 라우터가 없습니다"}
{"level":"info","message":"hello"}
{"level":"error","message":"GET /img/%EB%B0%B1%EC%8B%A0%EC%A0%91%EC%A2%85%EC%A6%9D%EB%AA%851641183495156.PNG 라우터가 없습니다"}
{"level":"info","message":"hello"}
{"level":"error","message":"GET /img/1540%EC%95%85%EC%84%B81640930210602.PNG 라우터가 없습니다"}
{"level":"info","message":"hello"}
{"level":"error","message":"GET /img/%EC%BA%A1%EC%B2%981642399230917.PNG 라우터가 없습니다"}
{"level":"info","message":"hello"}
{"level":"error","message":"GET /img/%EB%B0%B1%EC%8B%A0%EC%A0%91%EC%A2%85%EC%A6%9D%EB%AA%851641183495156.PNG 라우터가 없습니다"}
{"level":"info","message":"hello"}
{"level":"error","message":"GET /img/1540%EC%95%85%EC%84%B81640930210602.PNG 라우터가 없습니다"}
{"level":"info","message":"hello"}
{"level":"error","message":"GET /img/%EC%BA%A1%EC%B2%981642399230917.PNG 라우터가 없습니다"}
{"level":"info","message":"hello"}
{"level":"error","message":"GET /img/1540%EC%95%85%EC%84%B81640930210602.PNG 라우터가 없습니다"}
{"level":"info","message":"hello"}
{"level":"error","message":"GET /img/%EB%B0%B1%EC%8B%A0%EC%A0%91%EC%A2%85%EC%A6%9D%EB%AA%851641183495156.PNG 라우터가 없습니다"}
{"level":"info","message":"hello"}
{"level":"error","message":"GET /img/%EC%BA%A1%EC%B2%981642399230917.PNG 라우터가 없습니다"}
{"level":"info","message":"hello"}
{"level":"error","message":"GET /img/%EB%B0%B1%EC%8B%A0%EC%A0%91%EC%A2%85%EC%A6%9D%EB%AA%851641183495156.PNG 라우터가 없습니다"}
{"level":"info","message":"hello"}
{"level":"error","message":"GET /img/1540%EC%95%85%EC%84%B81640930210602.PNG 라우터가 없습니다"}
{"level":"info","message":"hello"}
{"level":"error","message":"GET /img/%EC%BA%A1%EC%B2%981642399230917.PNG 라우터가 없습니다"}
{"level":"info","message":"hello"}
{"level":"error","message":"GET /img/%EB%B0%B1%EC%8B%A0%EC%A0%91%EC%A2%85%EC%A6%9D%EB%AA%851641183495156.PNG 라우터가 없습니다"}
{"level":"info","message":"hello"}
{"level":"error","message":"GET /img/1540%EC%95%85%EC%84%B81640930210602.PNG 라우터가 없습니다"}
{"level":"info","message":"hello"}
{"level":"error","message":"GET /img/%EC%BA%A1%EC%B2%981642399230917.PNG 라우터가 없습니다"}
{"level":"info","message":"hello"}
{"level":"error","message":"GET /img/%EB%B0%B1%EC%8B%A0%EC%A0%91%EC%A2%85%EC%A6%9D%EB%AA%851641183495156.PNG 라우터가 없습니다"}
{"level":"info","message":"hello"}
{"level":"error","message":"GET /img/1540%EC%95%85%EC%84%B81640930210602.PNG 라우터가 없습니다"}
{"level":"info","message":"hello"}
{"level":"error","message":"GET /img/%EC%BA%A1%EC%B2%981642399230917.PNG 라우터가 없습니다"}
{"level":"info","message":"hello"}
{"level":"error","message":"GET /img/1540%EC%95%85%EC%84%B81640930210602.PNG 라우터가 없습니다"}
{"level":"info","message":"hello"}
{"level":"error","message":"GET /img/%EB%B0%B1%EC%8B%A0%EC%A0%91%EC%A2%85%EC%A6%9D%EB%AA%851641183495156.PNG 라우터가 없습니다"}
{"level":"info","message":"hello"}
{"level":"error","message":"GET /img/%EC%BA%A1%EC%B2%981642399230917.PNG 라우터가 없습니다"}
{"level":"info","message":"hello"}
{"level":"error","message":"GET /img/%EB%B0%B1%EC%8B%A0%EC%A0%91%EC%A2%85%EC%A6%9D%EB%AA%851641183495156.PNG 라우터가 없습니다"}
{"level":"info","message":"hello"}
{"level":"error","message":"GET /img/1540%EC%95%85%EC%84%B81640930210602.PNG 라우터가 없습니다"}
